# JRE version: Java(TM) SE Runtime Environment (21.0.8+12) (build 21.0.8+12-LTS-250)
# Java VM: Java HotSpot(TM) 64-Bit Server VM (21.0.8+12-LTS-250, mixed mode, emulated-client, sharing, tiered, compressed oops, compressed class ptrs, g1 gc, windows-amd64)
GC Precious Log:
 CardTable entry size: 512
 Card Set container configuration: InlinePtr #cards 5 size 8 Array Of Cards #cards 12 size 40 Howl #buckets 4 coarsen threshold 1843 Howl Bitmap #cards 512 size 80 coarsen threshold 460 Card regions per heap region 1 cards per card region 2048
 CPUs: 8 total, 8 available
 Memory: 7896M
 Large Page Support: Disabled
 NUMA Support: Disabled
 Compressed Oops: Enabled (32-bit)
 Heap Region Size: 1M
 Heap Min Capacity: 8M
 Heap Initial Capacity: 124M
 Heap Max Capacity: 1976M
 Pre-touch: Disabled
 Parallel Workers: 8
 Concurrent Workers: 2
 Concurrent Refinement Workers: 8
 Periodic GC: Disabled
Heap:
 garbage-first heap   total 75776K, used 42066K [0x0000000084800000, 0x0000000100000000)
  region size 1024K, 4 young (4096K), 4 survivors (4096K)
 Metaspace       used 67717K, committed 68416K, reserved 1114112K
  class space    used 9995K, committed 10304K, reserved 1048576K
GC Heap History (20 events):
Event: 5.071 GC heap after
{Heap after GC invocations=12 (full 0):
 garbage-first heap   total 51200K, used 26319K [0x0000000084800000, 0x0000000100000000)
  region size 1024K, 2 young (2048K), 2 survivors (2048K)
 Metaspace       used 47229K, committed 47936K, reserved 1114112K
  class space    used 6608K, committed 6912K, reserved 1048576K
}
Event: 5.434 GC heap before
{Heap before GC invocations=12 (full 0):
 garbage-first heap   total 51200K, used 43727K [0x0000000084800000, 0x0000000100000000)
  region size 1024K, 20 young (20480K), 2 survivors (2048K)
 Metaspace       used 52759K, committed 53440K, reserved 1114112K
  class space    used 7529K, committed 7808K, reserved 1048576K
}
Event: 5.437 GC heap after
{Heap after GC invocations=13 (full 0):
 garbage-first heap   total 51200K, used 27053K [0x0000000084800000, 0x0000000100000000)
  region size 1024K, 1 young (1024K), 1 survivors (1024K)
 Metaspace       used 52759K, committed 53440K, reserved 1114112K
  class space    used 7529K, committed 7808K, reserved 1048576K
}
Event: 5.611 GC heap before
{Heap before GC invocations=14 (full 0):
 garbage-first heap   total 51200K, used 45485K [0x0000000084800000, 0x0000000100000000)
  region size 1024K, 19 young (19456K), 1 survivors (1024K)
 Metaspace       used 53004K, committed 53632K, reserved 1114112K
  class space    used 7581K, committed 7872K, reserved 1048576K
}
Event: 5.612 GC heap after
{Heap after GC invocations=15 (full 0):
 garbage-first heap   total 51200K, used 27183K [0x0000000084800000, 0x0000000100000000)
  region size 1024K, 1 young (1024K), 1 survivors (1024K)
 Metaspace       used 53004K, committed 53632K, reserved 1114112K
  class space    used 7581K, committed 7872K, reserved 1048576K
}
Event: 6.338 GC heap before
{Heap before GC invocations=15 (full 0):
 garbage-first heap   total 51200K, used 46639K [0x0000000084800000, 0x0000000100000000)
  region size 1024K, 20 young (20480K), 1 survivors (1024K)
 Metaspace       used 57291K, committed 58048K, reserved 1114112K
  class space    used 8219K, committed 8576K, reserved 1048576K
}
Event: 6.341 GC heap after
{Heap after GC invocations=16 (full 0):
 garbage-first heap   total 51200K, used 27980K [0x0000000084800000, 0x0000000100000000)
  region size 1024K, 3 young (3072K), 3 survivors (3072K)
 Metaspace       used 57291K, committed 58048K, reserved 1114112K
  class space    used 8219K, committed 8576K, reserved 1048576K
}
Event: 6.592 GC heap before
{Heap before GC invocations=16 (full 0):
 garbage-first heap   total 51200K, used 43340K [0x0000000084800000, 0x0000000100000000)
  region size 1024K, 18 young (18432K), 3 survivors (3072K)
 Metaspace       used 59615K, committed 60288K, reserved 1114112K
  class space    used 8530K, committed 8832K, reserved 1048576K
}
Event: 6.596 GC heap after
{Heap after GC invocations=17 (full 0):
 garbage-first heap   total 51200K, used 29668K [0x0000000084800000, 0x0000000100000000)
  region size 1024K, 3 young (3072K), 3 survivors (3072K)
 Metaspace       used 59615K, committed 60288K, reserved 1114112K
  class space    used 8530K, committed 8832K, reserved 1048576K
}
Event: 6.954 GC heap before
{Heap before GC invocations=18 (full 0):
 garbage-first heap   total 51200K, used 45028K [0x0000000084800000, 0x0000000100000000)
  region size 1024K, 18 young (18432K), 3 survivors (3072K)
 Metaspace       used 62240K, committed 62976K, reserved 1114112K
  class space    used 9064K, committed 9408K, reserved 1048576K
}
Event: 6.958 GC heap after
{Heap after GC invocations=19 (full 0):
 garbage-first heap   total 51200K, used 31213K [0x0000000084800000, 0x0000000100000000)
  region size 1024K, 2 young (2048K), 2 survivors (2048K)
 Metaspace       used 62240K, committed 62976K, reserved 1114112K
  class space    used 9064K, committed 9408K, reserved 1048576K
}
Event: 6.984 GC heap before
{Heap before GC invocations=19 (full 0):
 garbage-first heap   total 51200K, used 45549K [0x0000000084800000, 0x0000000100000000)
  region size 1024K, 16 young (16384K), 2 survivors (2048K)
 Metaspace       used 62270K, committed 63040K, reserved 1114112K
  class space    used 9069K, committed 9408K, reserved 1048576K
}
Event: 6.986 GC heap after
{Heap after GC invocations=20 (full 0):
 garbage-first heap   total 51200K, used 32934K [0x0000000084800000, 0x0000000100000000)
  region size 1024K, 2 young (2048K), 2 survivors (2048K)
 Metaspace       used 62270K, committed 63040K, reserved 1114112K
  class space    used 9069K, committed 9408K, reserved 1048576K
}
Event: 7.006 GC heap before
{Heap before GC invocations=20 (full 0):
 garbage-first heap   total 51200K, used 45222K [0x0000000084800000, 0x0000000100000000)
  region size 1024K, 14 young (14336K), 2 survivors (2048K)
 Metaspace       used 62270K, committed 63040K, reserved 1114112K
  class space    used 9069K, committed 9408K, reserved 1048576K
}
Event: 7.009 GC heap after
{Heap after GC invocations=21 (full 0):
 garbage-first heap   total 52224K, used 37678K [0x0000000084800000, 0x0000000100000000)
  region size 1024K, 2 young (2048K), 2 survivors (2048K)
 Metaspace       used 62270K, committed 63040K, reserved 1114112K
  class space    used 9069K, committed 9408K, reserved 1048576K
}
Event: 7.034 GC heap before
{Heap before GC invocations=21 (full 0):
 garbage-first heap   total 75776K, used 45870K [0x0000000084800000, 0x0000000100000000)
  region size 1024K, 10 young (10240K), 2 survivors (2048K)
 Metaspace       used 62276K, committed 63040K, reserved 1114112K
  class space    used 9071K, committed 9408K, reserved 1048576K
}
Event: 7.037 GC heap after
{Heap after GC invocations=22 (full 0):
 garbage-first heap   total 75776K, used 39276K [0x0000000084800000, 0x0000000100000000)
  region size 1024K, 2 young (2048K), 2 survivors (2048K)
 Metaspace       used 62276K, committed 63040K, reserved 1114112K
  class space    used 9071K, committed 9408K, reserved 1048576K
}
Event: 7.257 GC heap before
{Heap before GC invocations=23 (full 0):
 garbage-first heap   total 75776K, used 59756K [0x0000000084800000, 0x0000000100000000)
  region size 1024K, 23 young (23552K), 2 survivors (2048K)
 Metaspace       used 64259K, committed 64960K, reserved 1114112K
  class space    used 9501K, committed 9792K, reserved 1048576K
}
Event: 7.260 GC heap after
{Heap after GC invocations=24 (full 0):
 garbage-first heap   total 75776K, used 40914K [0x0000000084800000, 0x0000000100000000)
  region size 1024K, 3 young (3072K), 3 survivors (3072K)
 Metaspace       used 64259K, committed 64960K, reserved 1114112K
  class space    used 9501K, committed 9792K, reserved 1048576K
}
Event: 7.549 GC heap before
{Heap before GC invocations=24 (full 0):
 garbage-first heap   total 75776K, used 62418K [0x0000000084800000, 0x0000000100000000)
  region size 1024K, 25 young (25600K), 3 survivors (3072K)
 Metaspace       used 67717K, committed 68416K, reserved 1114112K
  class space    used 9995K, committed 10304K, reserved 1048576K
}

