# JRE version: Java(TM) SE Runtime Environment (21.0.8+12) (build 21.0.8+12-LTS-250)
# Java VM: Java HotSpot(TM) 64-Bit Server VM (21.0.8+12-LTS-250, mixed mode, emulated-client, sharing, tiered, compressed oops, compressed class ptrs, g1 gc, windows-amd64)
GC Precious Log:
 CardTable entry size: 512
 Card Set container configuration: InlinePtr #cards 5 size 8 Array Of Cards #cards 12 size 40 Howl #buckets 4 coarsen threshold 1843 Howl Bitmap #cards 512 size 80 coarsen threshold 460 Card regions per heap region 1 cards per card region 2048
 CPUs: 8 total, 8 available
 Memory: 7896M
 Large Page Support: Disabled
 NUMA Support: Disabled
 Compressed Oops: Enabled (32-bit)
 Heap Region Size: 1M
 Heap Min Capacity: 8M
 Heap Initial Capacity: 124M
 Heap Max Capacity: 1976M
 Pre-touch: Disabled
 Parallel Workers: 8
 Concurrent Workers: 2
 Concurrent Refinement Workers: 8
 Periodic GC: Disabled
Heap:
 garbage-first heap   total 107520K, used 55645K [0x0000000084800000, 0x0000000100000000)
  region size 1024K, 3 young (3072K), 3 survivors (3072K)
 Metaspace       used 67830K, committed 68608K, reserved 1114112K
  class space    used 10025K, committed 10368K, reserved 1048576K
GC Heap History (20 events):
Event: 4.414 GC heap after
{Heap after GC invocations=13 (full 0):
 garbage-first heap   total 66560K, used 27440K [0x0000000084800000, 0x0000000100000000)
  region size 1024K, 2 young (2048K), 2 survivors (2048K)
 Metaspace       used 53705K, committed 54336K, reserved 1114112K
  class space    used 7651K, committed 7936K, reserved 1048576K
}
Event: 5.268 GC heap before
{Heap before GC invocations=14 (full 0):
 garbage-first heap   total 66560K, used 59184K [0x0000000084800000, 0x0000000100000000)
  region size 1024K, 33 young (33792K), 2 survivors (2048K)
 Metaspace       used 58970K, committed 59648K, reserved 1114112K
  class space    used 8489K, committed 8832K, reserved 1048576K
}
Event: 5.272 GC heap after
{Heap after GC invocations=15 (full 0):
 garbage-first heap   total 66560K, used 30112K [0x0000000084800000, 0x0000000100000000)
  region size 1024K, 4 young (4096K), 4 survivors (4096K)
 Metaspace       used 58970K, committed 59648K, reserved 1114112K
  class space    used 8489K, committed 8832K, reserved 1048576K
}
Event: 5.598 GC heap before
{Heap before GC invocations=15 (full 0):
 garbage-first heap   total 66560K, used 56736K [0x0000000084800000, 0x0000000100000000)
  region size 1024K, 31 young (31744K), 4 survivors (4096K)
 Metaspace       used 62420K, committed 63168K, reserved 1114112K
  class space    used 9065K, committed 9408K, reserved 1048576K
}
Event: 5.601 GC heap after
{Heap after GC invocations=16 (full 0):
 garbage-first heap   total 66560K, used 32028K [0x0000000084800000, 0x0000000100000000)
  region size 1024K, 3 young (3072K), 3 survivors (3072K)
 Metaspace       used 62420K, committed 63168K, reserved 1114112K
  class space    used 9065K, committed 9408K, reserved 1048576K
}
Event: 5.661 GC heap before
{Heap before GC invocations=16 (full 0):
 garbage-first heap   total 66560K, used 57628K [0x0000000084800000, 0x0000000100000000)
  region size 1024K, 29 young (29696K), 3 survivors (3072K)
 Metaspace       used 62610K, committed 63360K, reserved 1114112K
  class space    used 9080K, committed 9408K, reserved 1048576K
}
Event: 5.663 GC heap after
{Heap after GC invocations=17 (full 0):
 garbage-first heap   total 66560K, used 31962K [0x0000000084800000, 0x0000000100000000)
  region size 1024K, 3 young (3072K), 3 survivors (3072K)
 Metaspace       used 62610K, committed 63360K, reserved 1114112K
  class space    used 9080K, committed 9408K, reserved 1048576K
}
Event: 5.958 GC heap before
{Heap before GC invocations=17 (full 0):
 garbage-first heap   total 66560K, used 57562K [0x0000000084800000, 0x0000000100000000)
  region size 1024K, 29 young (29696K), 3 survivors (3072K)
 Metaspace       used 66268K, committed 67008K, reserved 1114112K
  class space    used 9811K, committed 10112K, reserved 1048576K
}
Event: 5.961 GC heap after
{Heap after GC invocations=18 (full 0):
 garbage-first heap   total 66560K, used 33568K [0x0000000084800000, 0x0000000100000000)
  region size 1024K, 3 young (3072K), 3 survivors (3072K)
 Metaspace       used 66268K, committed 67008K, reserved 1114112K
  class space    used 9811K, committed 10112K, reserved 1048576K
}
Event: 6.182 GC heap before
{Heap before GC invocations=19 (full 0):
 garbage-first heap   total 66560K, used 58144K [0x0000000084800000, 0x0000000100000000)
  region size 1024K, 27 young (27648K), 3 survivors (3072K)
 Metaspace       used 67671K, committed 68416K, reserved 1114112K
  class space    used 9993K, committed 10304K, reserved 1048576K
}
Event: 6.185 GC heap after
{Heap after GC invocations=20 (full 0):
 garbage-first heap   total 66560K, used 34924K [0x0000000084800000, 0x0000000100000000)
  region size 1024K, 3 young (3072K), 3 survivors (3072K)
 Metaspace       used 67671K, committed 68416K, reserved 1114112K
  class space    used 9993K, committed 10304K, reserved 1048576K
}
Event: 6.217 GC heap before
{Heap before GC invocations=20 (full 0):
 garbage-first heap   total 66560K, used 58476K [0x0000000084800000, 0x0000000100000000)
  region size 1024K, 26 young (26624K), 3 survivors (3072K)
 Metaspace       used 67671K, committed 68416K, reserved 1114112K
  class space    used 9993K, committed 10304K, reserved 1048576K
}
Event: 6.221 GC heap after
{Heap after GC invocations=21 (full 0):
 garbage-first heap   total 79872K, used 36495K [0x0000000084800000, 0x0000000100000000)
  region size 1024K, 4 young (4096K), 4 survivors (4096K)
 Metaspace       used 67671K, committed 68416K, reserved 1114112K
  class space    used 9993K, committed 10304K, reserved 1048576K
}
Event: 6.275 GC heap before
{Heap before GC invocations=21 (full 0):
 garbage-first heap   total 79872K, used 69263K [0x0000000084800000, 0x0000000100000000)
  region size 1024K, 36 young (36864K), 4 survivors (4096K)
 Metaspace       used 67678K, committed 68416K, reserved 1114112K
  class space    used 9994K, committed 10304K, reserved 1048576K
}
Event: 6.278 GC heap after
{Heap after GC invocations=22 (full 0):
 garbage-first heap   total 79872K, used 35161K [0x0000000084800000, 0x0000000100000000)
  region size 1024K, 1 young (1024K), 1 survivors (1024K)
 Metaspace       used 67678K, committed 68416K, reserved 1114112K
  class space    used 9994K, committed 10304K, reserved 1048576K
}
Event: 6.337 GC heap before
{Heap before GC invocations=22 (full 0):
 garbage-first heap   total 79872K, used 73049K [0x0000000084800000, 0x0000000100000000)
  region size 1024K, 38 young (38912K), 1 survivors (1024K)
 Metaspace       used 67754K, committed 68480K, reserved 1114112K
  class space    used 10004K, committed 10304K, reserved 1048576K
}
Event: 6.346 GC heap after
{Heap after GC invocations=23 (full 0):
 garbage-first heap   total 87040K, used 47467K [0x0000000084800000, 0x0000000100000000)
  region size 1024K, 5 young (5120K), 5 survivors (5120K)
 Metaspace       used 67754K, committed 68480K, reserved 1114112K
  class space    used 10004K, committed 10304K, reserved 1048576K
}
Event: 6.380 GC heap before
{Heap before GC invocations=23 (full 0):
 garbage-first heap   total 87040K, used 73067K [0x0000000084800000, 0x0000000100000000)
  region size 1024K, 30 young (30720K), 5 survivors (5120K)
 Metaspace       used 67754K, committed 68480K, reserved 1114112K
  class space    used 10004K, committed 10304K, reserved 1048576K
}
Event: 6.387 GC heap after
{Heap after GC invocations=24 (full 0):
 garbage-first heap   total 87040K, used 52966K [0x0000000084800000, 0x0000000100000000)
  region size 1024K, 4 young (4096K), 4 survivors (4096K)
 Metaspace       used 67754K, committed 68480K, reserved 1114112K
  class space    used 10004K, committed 10304K, reserved 1048576K
}
Event: 6.459 GC heap before
{Heap before GC invocations=25 (full 0):
 garbage-first heap   total 107520K, used 74470K [0x0000000084800000, 0x0000000100000000)
  region size 1024K, 25 young (25600K), 4 survivors (4096K)
 Metaspace       used 67830K, committed 68608K, reserved 1114112K
  class space    used 10025K, committed 10368K, reserved 1048576K
}

